<?xml version="1.0" encoding="UTF-8"?>
<!-- Generated by org.testng.reporters.JUnitXMLReporter -->
<testsuite ignored="1" hostname="Keshri" failures="1" tests="1" name="Test(failed)" time="26.147" errors="0" timestamp="2023-10-04T15:02:07 IST">
  <testcase classname="vtiger.OrganizationsTests.DDT_OrgTest" name="TC_04" time="9.119">
    <failure type="java.lang.AssertionError" message="null">
      <![CDATA[java.lang.AssertionError: null
at vtiger.OrganizationsTests.DDT_OrgTest.TC_04(DDT_OrgTest.java:49)
at java.base/java.util.ArrayList.forEach(ArrayList.java:1511)
... Removed 29 stack frames]]>
    </failure>
  </testcase> <!-- TC_04 -->
  <testcase classname="vtiger.OrganizationsTests.DDT_OrgTest" name="demo" time="0.0">
    <ignored/>
  </testcase> <!-- demo -->
</testsuite> <!-- Test(failed) -->
