<?xml version="1.0" encoding="UTF-8"?>
<testng-results ignored="0" total="1" passed="1" failed="0" skipped="0">
  <reporter-output>
  </reporter-output>
  <suite started-at="2023-10-07T17:53:13 IST" name="Default suite" finished-at="2023-10-07T17:53:13 IST" duration-ms="68">
    <groups>
    </groups>
    <test started-at="2023-10-07T17:53:13 IST" name="Default test" finished-at="2023-10-07T17:53:13 IST" duration-ms="68">
      <class name="Practice.DebuggingPractice">
        <test-method signature="test()[pri:0, instance:Practice.DebuggingPractice@3b6ddd1d]" started-at="2023-10-07T17:53:13 IST" name="test" finished-at="2023-10-07T17:53:13 IST" duration-ms="13" status="PASS">
          <reporter-output>
          </reporter-output>
        </test-method> <!-- test -->
      </class> <!-- Practice.DebuggingPractice -->
    </test> <!-- Default test -->
  </suite> <!-- Default suite -->
</testng-results>
