<?xml version="1.0" encoding="UTF-8"?>
<!-- Generated by org.testng.reporters.JUnitReportReporter -->
<testsuite hostname="Keshri" failures="0" tests="3" name="Practice.TestNGPractice" time="0.015" errors="0" timestamp="2023-09-21T18:08:36 IST" skipped="1">
  <testcase classname="Practice.TestNGPractice" name="updateUser" time="0.003"/>
  <system-out/>
  <testcase classname="Practice.TestNGPractice" name="deleteUser" time="0.012"/>
  <system-out/>
  <testcase classname="Practice.TestNGPractice" name="createUser">
    <skipped/>
  </testcase> <!-- createUser -->
  <system-out/>
</testsuite> <!-- Practice.TestNGPractice -->
