<?xml version="1.0" encoding="UTF-8"?>
<!-- Generated by org.testng.reporters.JUnitReportReporter -->
<testsuite hostname="Keshri" failures="0" tests="1" name="vtiger.OrganizationsTests.DDT_OrgTest" time="28.690" errors="0" timestamp="2023-10-04T20:09:37 IST" skipped="0">
  <testcase classname="vtiger.OrganizationsTests.DDT_OrgTest" name="TC_04" time="28.690"/>
  <system-out>
    <![CDATA[Create contact
New Organisation Page
Organisation Info Page
Validation]]>
  </system-out>
</testsuite> <!-- vtiger.OrganizationsTests.DDT_OrgTest -->
