<?xml version="1.0" encoding="UTF-8"?>
<!-- Generated by org.testng.reporters.JUnitReportReporter -->
<testsuite hostname="Keshri" failures="0" tests="2" name="Practice.DataProviderPractice" time="0.009" errors="0" timestamp="2023-09-22T20:57:17 IST" skipped="0">
  <testcase classname="Practice.DataProviderPractice" name="addToCart" time="0.002"/>
  <system-out/>
  <testcase classname="Practice.DataProviderPractice" name="addToCart" time="0.007"/>
  <system-out/>
</testsuite> <!-- Practice.DataProviderPractice -->
