<?xml version="1.0" encoding="UTF-8"?>
<!-- Generated by org.testng.reporters.JUnitReportReporter -->
<testsuite hostname="Keshri" failures="0" tests="3" name="Practice.AssertionPractice" time="0.022" errors="0" timestamp="2023-09-28T05:46:53 IST" skipped="0">
  <testcase classname="Practice.AssertionPractice" name="sample3" time="0.006"/>
  <system-out/>
  <testcase classname="Practice.AssertionPractice" name="sample1" time="0.013"/>
  <system-out/>
  <testcase classname="Practice.AssertionPractice" name="sample2" time="0.003"/>
  <system-out/>
</testsuite> <!-- Practice.AssertionPractice -->
